author: KirstinRidley
	 hits: 75.0
	 strikes: 24.0 
	 misses: 25.0 
precision: 0.7575757575757576
recall: 0.75
f1: 0.7537688442211055
author: PierreTran
	 hits: 86.0
	 strikes: 17.0 
	 misses: 14.0 
precision: 0.8349514563106796
recall: 0.86
f1: 0.8472906403940887
author: MichaelConnor
	 hits: 90.0
	 strikes: 5.0 
	 misses: 10.0 
precision: 0.9473684210526315
recall: 0.9
f1: 0.9230769230769231
author: MarcelMichelson
	 hits: 84.0
	 strikes: 9.0 
	 misses: 16.0 
precision: 0.9032258064516129
recall: 0.84
f1: 0.8704663212435233
author: ScottHillis
	 hits: 43.0
	 strikes: 48.0 
	 misses: 57.0 
precision: 0.4725274725274725
recall: 0.43
f1: 0.45026178010471196
author: MatthewBunce
	 hits: 99.0
	 strikes: 4.0 
	 misses: 1.0 
precision: 0.9611650485436893
recall: 0.99
f1: 0.9753694581280788
author: KevinDrawbaugh
	 hits: 78.0
	 strikes: 12.0 
	 misses: 22.0 
precision: 0.8666666666666667
recall: 0.78
f1: 0.8210526315789474
author: RobinSidel
	 hits: 89.0
	 strikes: 5.0 
	 misses: 11.0 
precision: 0.9468085106382979
recall: 0.89
f1: 0.9175257731958764
author: DavidLawder
	 hits: 83.0
	 strikes: 20.0 
	 misses: 17.0 
precision: 0.8058252427184466
recall: 0.83
f1: 0.8177339901477833
author: BenjaminKangLim
	 hits: 60.0
	 strikes: 63.0 
	 misses: 40.0 
precision: 0.4878048780487805
recall: 0.6
f1: 0.538116591928251
author: JoeOrtiz
	 hits: 81.0
	 strikes: 25.0 
	 misses: 19.0 
precision: 0.7641509433962265
recall: 0.81
f1: 0.7864077669902914
author: AaronPressman
	 hits: 86.0
	 strikes: 19.0 
	 misses: 14.0 
precision: 0.819047619047619
recall: 0.86
f1: 0.8390243902439023
author: AlexanderSmith
	 hits: 68.0
	 strikes: 22.0 
	 misses: 32.0 
precision: 0.7555555555555555
recall: 0.68
f1: 0.7157894736842104
author: EdnaFernandes
	 hits: 87.0
	 strikes: 12.0 
	 misses: 13.0 
precision: 0.8787878787878788
recall: 0.87
f1: 0.8743718592964824
author: LynnleyBrowning
	 hits: 96.0
	 strikes: 8.0 
	 misses: 4.0 
precision: 0.9230769230769231
recall: 0.96
f1: 0.9411764705882353
author: DarrenSchuettler
	 hits: 86.0
	 strikes: 15.0 
	 misses: 14.0 
precision: 0.8514851485148515
recall: 0.86
f1: 0.8557213930348259
author: MureDickie
	 hits: 45.0
	 strikes: 47.0 
	 misses: 55.0 
precision: 0.4891304347826087
recall: 0.45
f1: 0.46875
author: MarkBendeich
	 hits: 81.0
	 strikes: 23.0 
	 misses: 19.0 
precision: 0.7788461538461539
recall: 0.81
f1: 0.7941176470588236
author: TimFarrand
	 hits: 87.0
	 strikes: 14.0 
	 misses: 13.0 
precision: 0.8613861386138614
recall: 0.87
f1: 0.8656716417910448
author: SarahDavison
	 hits: 66.0
	 strikes: 17.0 
	 misses: 34.0 
precision: 0.7951807228915663
recall: 0.66
f1: 0.7213114754098361
author: LydiaZajc
	 hits: 86.0
	 strikes: 6.0 
	 misses: 14.0 
precision: 0.9347826086956522
recall: 0.86
f1: 0.8958333333333334
author: HeatherScoffield
	 hits: 88.0
	 strikes: 10.0 
	 misses: 12.0 
precision: 0.8979591836734694
recall: 0.88
f1: 0.888888888888889
author: PeterHumphrey
	 hits: 69.0
	 strikes: 53.0 
	 misses: 31.0 
precision: 0.5655737704918032
recall: 0.69
f1: 0.6216216216216215
author: MartinWolk
	 hits: 76.0
	 strikes: 20.0 
	 misses: 24.0 
precision: 0.7916666666666666
recall: 0.76
f1: 0.7755102040816326
author: PatriciaCommins
	 hits: 81.0
	 strikes: 12.0 
	 misses: 19.0 
precision: 0.8709677419354839
recall: 0.81
f1: 0.8393782383419689
author: GrahamEarnshaw
	 hits: 81.0
	 strikes: 23.0 
	 misses: 19.0 
precision: 0.7788461538461539
recall: 0.81
f1: 0.7941176470588236
author: JaneMacartney
	 hits: 59.0
	 strikes: 43.0 
	 misses: 41.0 
precision: 0.5784313725490197
recall: 0.59
f1: 0.5841584158415842
author: SamuelPerry
	 hits: 68.0
	 strikes: 27.0 
	 misses: 32.0 
precision: 0.7157894736842105
recall: 0.68
f1: 0.6974358974358974
author: FumikoFujisaki
	 hits: 98.0
	 strikes: 6.0 
	 misses: 2.0 
precision: 0.9423076923076923
recall: 0.98
f1: 0.9607843137254902
author: WilliamKazer
	 hits: 45.0
	 strikes: 37.0 
	 misses: 55.0 
precision: 0.5487804878048781
recall: 0.45
f1: 0.4945054945054946
author: BradDorfman
	 hits: 77.0
	 strikes: 21.0 
	 misses: 23.0 
precision: 0.7857142857142857
recall: 0.77
f1: 0.7777777777777778
author: BernardHickey
	 hits: 72.0
	 strikes: 20.0 
	 misses: 28.0 
precision: 0.782608695652174
recall: 0.72
f1: 0.7499999999999999
author: KarlPenhaul
	 hits: 95.0
	 strikes: 4.0 
	 misses: 5.0 
precision: 0.9595959595959596
recall: 0.95
f1: 0.9547738693467336
author: TheresePoletti
	 hits: 82.0
	 strikes: 33.0 
	 misses: 18.0 
precision: 0.7130434782608696
recall: 0.82
f1: 0.7627906976744185
author: LynneO'Donnell
	 hits: 89.0
	 strikes: 23.0 
	 misses: 11.0 
precision: 0.7946428571428571
recall: 0.89
f1: 0.839622641509434
author: ToddNissen
	 hits: 85.0
	 strikes: 16.0 
	 misses: 15.0 
precision: 0.8415841584158416
recall: 0.85
f1: 0.845771144278607
author: TanEeLyn
	 hits: 57.0
	 strikes: 33.0 
	 misses: 43.0 
precision: 0.6333333333333333
recall: 0.57
f1: 0.6
author: AlanCrosby
	 hits: 91.0
	 strikes: 18.0 
	 misses: 9.0 
precision: 0.8348623853211009
recall: 0.91
f1: 0.8708133971291867
author: KeithWeir
	 hits: 83.0
	 strikes: 19.0 
	 misses: 17.0 
precision: 0.8137254901960784
recall: 0.83
f1: 0.8217821782178217
author: JimGilchrist
	 hits: 92.0
	 strikes: 8.0 
	 misses: 8.0 
precision: 0.92
recall: 0.92
f1: 0.92
author: JoWinterbottom
	 hits: 92.0
	 strikes: 19.0 
	 misses: 8.0 
precision: 0.8288288288288288
recall: 0.92
f1: 0.8720379146919431
author: RogerFillion
	 hits: 94.0
	 strikes: 7.0 
	 misses: 6.0 
precision: 0.9306930693069307
recall: 0.94
f1: 0.9353233830845772
author: EricAuchard
	 hits: 74.0
	 strikes: 28.0 
	 misses: 26.0 
precision: 0.7254901960784313
recall: 0.74
f1: 0.7326732673267328
author: JohnMastrini
	 hits: 78.0
	 strikes: 18.0 
	 misses: 22.0 
precision: 0.8125
recall: 0.78
f1: 0.7959183673469388
author: JanLopatka
	 hits: 83.0
	 strikes: 15.0 
	 misses: 17.0 
precision: 0.8469387755102041
recall: 0.83
f1: 0.8383838383838385
author: KouroshKarimkhany
	 hits: 84.0
	 strikes: 27.0 
	 misses: 16.0 
precision: 0.7567567567567568
recall: 0.84
f1: 0.7962085308056872
author: KevinMorrison
	 hits: 77.0
	 strikes: 32.0 
	 misses: 23.0 
precision: 0.7064220183486238
recall: 0.77
f1: 0.7368421052631579
author: JonathanBirt
	 hits: 84.0
	 strikes: 14.0 
	 misses: 16.0 
precision: 0.8571428571428571
recall: 0.84
f1: 0.8484848484848485
author: SimonCowell
	 hits: 83.0
	 strikes: 12.0 
	 misses: 17.0 
precision: 0.8736842105263158
recall: 0.83
f1: 0.8512820512820513
author: NickLouth
	 hits: 80.0
	 strikes: 14.0 
	 misses: 20.0 
precision: 0.851063829787234
recall: 0.8
f1: 0.8247422680412372
total correct: 3973.0
total incorrect: 1027.0
total: 5000.0
total accuracy: 0.7946
