author: RogerFillion
	 hits: 91.0
	 strikes: 1.0 
	 misses: 9.0 
precision: 0.9891304347826086
recall: 0.91
f1: 0.9479166666666667
author: SimonCowell
	 hits: 83.0
	 strikes: 1.0 
	 misses: 17.0 
precision: 0.9880952380952381
recall: 0.83
f1: 0.9021739130434783
author: ScottHillis
	 hits: 72.0
	 strikes: 2.0 
	 misses: 28.0 
precision: 0.972972972972973
recall: 0.72
f1: 0.8275862068965518
author: MatthewBunce
	 hits: 91.0
	 strikes: 0.0 
	 misses: 9.0 
precision: 1.0
recall: 0.91
f1: 0.9528795811518325
author: HeatherScoffield
	 hits: 79.0
	 strikes: 0.0 
	 misses: 21.0 
precision: 1.0
recall: 0.79
f1: 0.8826815642458101
author: SamuelPerry
	 hits: 88.0
	 strikes: 0.0 
	 misses: 12.0 
precision: 1.0
recall: 0.88
f1: 0.9361702127659575
author: NickLouth
	 hits: 90.0
	 strikes: 19.0 
	 misses: 10.0 
precision: 0.8256880733944955
recall: 0.9
f1: 0.861244019138756
author: TanEeLyn
	 hits: 94.0
	 strikes: 18.0 
	 misses: 6.0 
precision: 0.8392857142857143
recall: 0.94
f1: 0.8867924528301886
author: JimGilchrist
	 hits: 99.0
	 strikes: 15.0 
	 misses: 1.0 
precision: 0.868421052631579
recall: 0.99
f1: 0.9252336448598131
author: AaronPressman
	 hits: 78.0
	 strikes: 0.0 
	 misses: 22.0 
precision: 1.0
recall: 0.78
f1: 0.8764044943820225
author: BenjaminKangLim
	 hits: 92.0
	 strikes: 10.0 
	 misses: 8.0 
precision: 0.9019607843137255
recall: 0.92
f1: 0.9108910891089109
author: KirstinRidley
	 hits: 84.0
	 strikes: 6.0 
	 misses: 16.0 
precision: 0.9333333333333333
recall: 0.84
f1: 0.8842105263157894
author: JoeOrtiz
	 hits: 83.0
	 strikes: 6.0 
	 misses: 17.0 
precision: 0.9325842696629213
recall: 0.83
f1: 0.8783068783068783
author: WilliamKazer
	 hits: 73.0
	 strikes: 1.0 
	 misses: 27.0 
precision: 0.9864864864864865
recall: 0.73
f1: 0.839080459770115
author: JonathanBirt
	 hits: 88.0
	 strikes: 1.0 
	 misses: 12.0 
precision: 0.9887640449438202
recall: 0.88
f1: 0.9312169312169312
author: BradDorfman
	 hits: 55.0
	 strikes: 0.0 
	 misses: 45.0 
precision: 1.0
recall: 0.55
f1: 0.7096774193548387
author: GrahamEarnshaw
	 hits: 99.0
	 strikes: 151.0 
	 misses: 1.0 
precision: 0.396
recall: 0.99
f1: 0.5657142857142856
author: BernardHickey
	 hits: 76.0
	 strikes: 3.0 
	 misses: 24.0 
precision: 0.9620253164556962
recall: 0.76
f1: 0.8491620111731845
author: MarkBendeich
	 hits: 80.0
	 strikes: 4.0 
	 misses: 20.0 
precision: 0.9523809523809523
recall: 0.8
f1: 0.8695652173913043
author: EricAuchard
	 hits: 94.0
	 strikes: 77.0 
	 misses: 6.0 
precision: 0.5497076023391813
recall: 0.94
f1: 0.6937269372693726
author: KevinDrawbaugh
	 hits: 86.0
	 strikes: 7.0 
	 misses: 14.0 
precision: 0.9247311827956989
recall: 0.86
f1: 0.8911917098445595
author: LynneO'Donnell
	 hits: 91.0
	 strikes: 2.0 
	 misses: 9.0 
precision: 0.978494623655914
recall: 0.91
f1: 0.9430051813471503
author: AlanCrosby
	 hits: 96.0
	 strikes: 15.0 
	 misses: 4.0 
precision: 0.8648648648648649
recall: 0.96
f1: 0.9099526066350712
author: PierreTran
	 hits: 92.0
	 strikes: 0.0 
	 misses: 8.0 
precision: 1.0
recall: 0.92
f1: 0.9583333333333334
author: MartinWolk
	 hits: 89.0
	 strikes: 1.0 
	 misses: 11.0 
precision: 0.9888888888888889
recall: 0.89
f1: 0.9368421052631579
author: PatriciaCommins
	 hits: 77.0
	 strikes: 1.0 
	 misses: 23.0 
precision: 0.9871794871794872
recall: 0.77
f1: 0.8651685393258428
author: AlexanderSmith
	 hits: 80.0
	 strikes: 0.0 
	 misses: 20.0 
precision: 1.0
recall: 0.8
f1: 0.888888888888889
author: MureDickie
	 hits: 85.0
	 strikes: 2.0 
	 misses: 15.0 
precision: 0.9770114942528736
recall: 0.85
f1: 0.9090909090909092
author: JanLopatka
	 hits: 97.0
	 strikes: 35.0 
	 misses: 3.0 
precision: 0.7348484848484849
recall: 0.97
f1: 0.8362068965517241
author: KouroshKarimkhany
	 hits: 99.0
	 strikes: 104.0 
	 misses: 1.0 
precision: 0.4876847290640394
recall: 0.99
f1: 0.6534653465346535
author: KevinMorrison
	 hits: 88.0
	 strikes: 5.0 
	 misses: 12.0 
precision: 0.946236559139785
recall: 0.88
f1: 0.911917098445596
author: LynnleyBrowning
	 hits: 76.0
	 strikes: 0.0 
	 misses: 24.0 
precision: 1.0
recall: 0.76
f1: 0.8636363636363636
author: KeithWeir
	 hits: 70.0
	 strikes: 0.0 
	 misses: 30.0 
precision: 1.0
recall: 0.7
f1: 0.8235294117647058
author: TimFarrand
	 hits: 76.0
	 strikes: 6.0 
	 misses: 24.0 
precision: 0.926829268292683
recall: 0.76
f1: 0.8351648351648352
author: DarrenSchuettler
	 hits: 91.0
	 strikes: 2.0 
	 misses: 9.0 
precision: 0.978494623655914
recall: 0.91
f1: 0.9430051813471503
author: RobinSidel
	 hits: 82.0
	 strikes: 5.0 
	 misses: 18.0 
precision: 0.9425287356321839
recall: 0.82
f1: 0.877005347593583
author: JaneMacartney
	 hits: 79.0
	 strikes: 1.0 
	 misses: 21.0 
precision: 0.9875
recall: 0.79
f1: 0.8777777777777778
author: SarahDavison
	 hits: 76.0
	 strikes: 0.0 
	 misses: 24.0 
precision: 1.0
recall: 0.76
f1: 0.8636363636363636
author: LydiaZajc
	 hits: 93.0
	 strikes: 160.0 
	 misses: 7.0 
precision: 0.3675889328063241
recall: 0.93
f1: 0.5269121813031161
author: EdnaFernandes
	 hits: 77.0
	 strikes: 0.0 
	 misses: 23.0 
precision: 1.0
recall: 0.77
f1: 0.8700564971751412
author: JoWinterbottom
	 hits: 81.0
	 strikes: 0.0 
	 misses: 19.0 
precision: 1.0
recall: 0.81
f1: 0.8950276243093923
author: FumikoFujisaki
	 hits: 94.0
	 strikes: 22.0 
	 misses: 6.0 
precision: 0.8103448275862069
recall: 0.94
f1: 0.8703703703703703
author: MarcelMichelson
	 hits: 86.0
	 strikes: 0.0 
	 misses: 14.0 
precision: 1.0
recall: 0.86
f1: 0.924731182795699
author: KarlPenhaul
	 hits: 82.0
	 strikes: 2.0 
	 misses: 18.0 
precision: 0.9761904761904762
recall: 0.82
f1: 0.8913043478260869
author: TheresePoletti
	 hits: 93.0
	 strikes: 4.0 
	 misses: 7.0 
precision: 0.9587628865979382
recall: 0.93
f1: 0.9441624365482233
author: ToddNissen
	 hits: 83.0
	 strikes: 0.0 
	 misses: 17.0 
precision: 1.0
recall: 0.83
f1: 0.9071038251366119
author: JohnMastrini
	 hits: 88.0
	 strikes: 2.0 
	 misses: 12.0 
precision: 0.9777777777777777
recall: 0.88
f1: 0.9263157894736842
author: MichaelConnor
	 hits: 89.0
	 strikes: 16.0 
	 misses: 11.0 
precision: 0.8476190476190476
recall: 0.89
f1: 0.8682926829268293
author: PeterHumphrey
	 hits: 98.0
	 strikes: 13.0 
	 misses: 2.0 
precision: 0.8828828828828829
recall: 0.98
f1: 0.9289099526066351
author: DavidLawder
	 hits: 91.0
	 strikes: 6.0 
	 misses: 9.0 
precision: 0.9381443298969072
recall: 0.91
f1: 0.9238578680203046
total correct: 4274.0
total incorrect: 726.0
total: 5000.0
total accuracy: 0.8548
